20:10:07: Running command: "python3 -m venv .venv"...
20:10:18: Finished running command: "python3 -m venv .venv".
20:14:34 funcazuredevprj2: Starting deployment...
20:14:39 funcazuredevprj2: Creating zip package...
20:14:39 funcazuredevprj2: Zip package size: 9.11 kB
20:14:44 funcazuredevprj2: Updating submodules.
20:14:45 funcazuredevprj2: Preparing deployment for commit id '8d5cbb94e8'.
20:14:46 funcazuredevprj2: Repository path is /tmp/zipdeploy/extracted
20:14:46 funcazuredevprj2: Running oryx build...
20:14:46 funcazuredevprj2: Command: oryx build /tmp/zipdeploy/extracted -o /home/site/wwwroot --platform python --platform-version 3.8 -p packagedir=.python_packages/lib/site-packages
20:14:47 funcazuredevprj2: Operation performed by Microsoft Oryx, https://github.com/Microsoft/Oryx
20:14:47 funcazuredevprj2: You can report issues at https://github.com/Microsoft/Oryx/issues
20:14:47 funcazuredevprj2: Oryx Version: 0.2.20201015.1, Commit: 1a35fbce482b20b71290f3a837a3469803ce4b44, ReleaseTagName: 20201015.1
20:14:47 funcazuredevprj2: Build Operation ID: |5pXfKPo936Q=.92922e6_
20:14:47 funcazuredevprj2: Repository Commit : 8d5cbb94e88240f28d7471deea13a94b
20:14:47 funcazuredevprj2: Detecting platforms...
20:14:48 funcazuredevprj2: Detected following platforms:
20:14:48 funcazuredevprj2:   python: 3.8.6
20:14:48 funcazuredevprj2: Version '3.8.6' of platform 'python' is not installed. Generating script to install it...
20:14:48 funcazuredevprj2: Source directory     : /tmp/zipdeploy/extracted
20:14:48 funcazuredevprj2: Destination directory: /home/site/wwwroot
20:14:48 funcazuredevprj2: Downloading and extracting 'python' version '3.8.6' to '/tmp/oryx/platforms/python/3.8.6'...
20:14:49 funcazuredevprj2: Downloaded in 1 sec(s).
20:14:49 funcazuredevprj2: Verifying checksum...
20:14:49 funcazuredevprj2: Extracting contents...
20:14:52 funcazuredevprj2: Done in 4 sec(s).
20:14:53 funcazuredevprj2: Python Version: /tmp/oryx/platforms/python/3.8.6/bin/python3.8
20:14:53 funcazuredevprj2: Running pip install...
20:14:53 funcazuredevprj2: [11:14:53+0000] Collecting azure-functions==1.2.1
20:14:53 funcazuredevprj2: [11:14:53+0000]   Downloading azure_functions-1.2.1-py3-none-any.whl (114 kB)
20:14:54 funcazuredevprj2: [11:14:54+0000] Collecting pymongo==3.10.1
20:14:54 funcazuredevprj2: [11:14:54+0000]   Downloading pymongo-3.10.1-cp38-cp38-manylinux2014_x86_64.whl (480 kB)
20:14:54 funcazuredevprj2: [11:14:54+0000] Installing collected packages: azure-functions, pymongo
20:14:54 funcazuredevprj2: [11:14:54+0000] Successfully installed azure-functions-1.2.1 pymongo-3.10.1
20:14:55 funcazuredevprj2: WARNING: You are using pip version 20.2.3; however, version 21.1.2 is available.
20:14:55 funcazuredevprj2: You should consider upgrading via the '/tmp/oryx/platforms/python/3.8.6/bin/python3.8 -m pip install --upgrade pip' command.
20:14:55 funcazuredevprj2: Done in 3 sec(s).
20:14:55 funcazuredevprj2: Copying files to destination directory '/home/site/wwwroot'...
20:14:55 funcazuredevprj2: Done in 0 sec(s).
20:14:55 funcazuredevprj2: Removing existing manifest file
20:14:55 funcazuredevprj2: Creating a manifest file...
20:14:55 funcazuredevprj2: Manifest file created.
20:14:55 funcazuredevprj2: Done in 7 sec(s).
20:14:57 funcazuredevprj2: Running post deployment command(s)...
20:14:57 funcazuredevprj2: Triggering recycle (preview mode disabled).
20:14:57 funcazuredevprj2: Linux Consumption plan has a 1.5 GB memory limit on a remote build container.
20:14:57 funcazuredevprj2: To check our service limit, please visit https://docs.microsoft.com/en-us/azure/azure-functions/functions-scale#service-limits
20:14:58 funcazuredevprj2: Creating placeholder blob for linux consumption function app...
20:14:58 funcazuredevprj2: SCM_RUN_FROM_PACKAGE placeholder blob scm-latest-funcazuredevprj2.zip located
20:14:58 funcazuredevprj2: Writing the artifacts to a squashfs file
20:14:59 funcazuredevprj2: Parallel mksquashfs: Using 1 processor
20:14:59 funcazuredevprj2: Creating 4.0 filesystem on /home/site/artifacts/functionappartifact.squashfs, block size 131072.
20:14:59 funcazuredevprj2: [===============================================================-] 257/257 100%
20:14:59 funcazuredevprj2: Exportable Squashfs 4.0 filesystem, gzip compressed, data block size 131072
20:14:59 funcazuredevprj2: 	compressed data, compressed metadata, compressed fragments, compressed xattrs
20:14:59 funcazuredevprj2: 	duplicates are removed
20:14:59 funcazuredevprj2: Filesystem size 983.71 Kbytes (0.96 Mbytes)
20:14:59 funcazuredevprj2: 	28.81% of uncompressed filesystem size (3414.74 Kbytes)
20:14:59 funcazuredevprj2: Inode table size 2609 bytes (2.55 Kbytes)
20:14:59 funcazuredevprj2: 	28.71% of uncompressed inode table size (9088 bytes)
20:14:59 funcazuredevprj2: Directory table size 2839 bytes (2.77 Kbytes)
20:14:59 funcazuredevprj2: 	38.64% of uncompressed directory table size (7347 bytes)
20:14:59 funcazuredevprj2: Number of duplicate files found 9
20:14:59 funcazuredevprj2: Number of inodes 283
20:14:59 funcazuredevprj2: Number of files 256
20:14:59 funcazuredevprj2: Number of fragments 27
20:14:59 funcazuredevprj2: Number of symbolic links  0
20:14:59 funcazuredevprj2: Number of device nodes 0
20:14:59 funcazuredevprj2: Number of fifo nodes 0
20:14:59 funcazuredevprj2: Number of socket nodes 0
20:14:59 funcazuredevprj2: Number of directories 27
20:14:59 funcazuredevprj2: Number of ids (unique uids + gids) 1
20:14:59 funcazuredevprj2: Number of uids 1
20:14:59 funcazuredevprj2: 	root (0)
20:14:59 funcazuredevprj2: Number of gids 1
20:14:59 funcazuredevprj2: 	root (0)
20:14:59 funcazuredevprj2: Uploading built content /home/site/artifacts/functionappartifact.squashfs for linux consumption function app...
20:15:00 funcazuredevprj2: Resetting all workers for funcazuredevprj2.azurewebsites.net
20:15:00 funcazuredevprj2: Deployment successful.
20:15:19 funcazuredevprj2: Syncing triggers...
20:15:25 funcazuredevprj2: Querying triggers...
20:15:29 funcazuredevprj2: HTTP Trigger Urls:
  createAdvertisement: https://funcazuredevprj2.azurewebsites.net/api/createadvertisement
  deleteAdvertisement: https://funcazuredevprj2.azurewebsites.net/api/deleteadvertisement
  getAdvertisement: https://funcazuredevprj2.azurewebsites.net/api/getadvertisement
  getAdvertisements: https://funcazuredevprj2.azurewebsites.net/api/getadvertisements
  getPost: https://funcazuredevprj2.azurewebsites.net/api/getpost
  getPosts: https://funcazuredevprj2.azurewebsites.net/api/getposts
  updateAdvertisement: https://funcazuredevprj2.azurewebsites.net/api/updateadvertisement